<?xml version="1.0" encoding="UTF-8"?>
<!-- Generated by org.testng.reporters.JUnitReportReporter -->
<testsuite hostname="srinir-5CG5070M4Q" failures="0" tests="1" name="com.locatorsdemo.DemoID" time="16.836" errors="0" timestamp="2025-07-25T12:33:00 IST" skipped="0">
  <testcase classname="com.locatorsdemo.DemoID" name="DemoTestID" time="16.836"/>
</testsuite> <!-- com.locatorsdemo.DemoID -->
