<?xml version="1.0" encoding="UTF-8"?>
<!-- Generated by org.testng.reporters.JUnitReportReporter -->
<testsuite hostname="srinir-5CG5070M4Q" failures="0" tests="1" name="com.locatorsdemo.LinkTextandPartialLinkText" time="46.573" errors="0" timestamp="2025-07-25T15:04:55 IST" skipped="0">
  <testcase classname="com.locatorsdemo.LinkTextandPartialLinkText" name="linkTest" time="46.573"/>
</testsuite> <!-- com.locatorsdemo.LinkTextandPartialLinkText -->
