<?xml version="1.0" encoding="UTF-8"?>
<!-- Generated by org.testng.reporters.JUnitReportReporter -->
<testsuite hostname="srinir-5CG5070M4Q" failures="0" tests="1" name="com.example.FacebookMonthList" time="5.530" errors="0" timestamp="2025-07-25T15:45:33 IST" skipped="0">
  <testcase classname="com.example.FacebookMonthList" name="FaceBookMonth" time="5.530"/>
</testsuite> <!-- com.example.FacebookMonthList -->
