<?xml version="1.0" encoding="UTF-8"?>
<!-- Generated by org.testng.reporters.JUnitReportReporter -->
<testsuite hostname="srinir-5CG5070M4Q" failures="0" tests="1" name="com.example.Dropdown" time="19.071" errors="0" timestamp="2025-07-25T15:27:46 IST" skipped="0">
  <testcase classname="com.example.Dropdown" name="FBlaunch" time="19.071"/>
</testsuite> <!-- com.example.Dropdown -->
