<?xml version="1.0" encoding="UTF-8"?>
<!-- Generated by org.testng.reporters.JUnitReportReporter -->
<testsuite hostname="srinir-5CG5070M4Q" failures="0" tests="1" name="HandlingAlerts.Rediff" time="13.430" errors="0" timestamp="2025-07-28T10:34:04 IST" skipped="0">
  <testcase classname="HandlingAlerts.Rediff" name="TestPopups" time="13.430"/>
</testsuite> <!-- HandlingAlerts.Rediff -->
